Apr 24 22:25:13.388250 [NOTICE] fpm_unix_init_main(), line 284: getrlimit(nofile): max:9223372036854775807, cur:256
Apr 24 22:25:13.388629 [NOTICE] fpm_event_init_main(), line 88: libevent: using kqueue
Apr 24 22:25:13.389042 [NOTICE] fpm_init(), line 52: fpm is running, pid 99967
Apr 24 22:25:13.389542 [NOTICE] fpm_children_make(), line 352: child 99969 (pool default) started
Apr 24 22:25:13.390266 [NOTICE] fpm_children_make(), line 352: child 99970 (pool default) started
Apr 24 22:25:13.390978 [NOTICE] fpm_children_make(), line 352: child 99971 (pool default) started
Apr 24 22:25:13.391691 [NOTICE] fpm_children_make(), line 352: child 99972 (pool default) started
Apr 24 22:25:13.392232 [NOTICE] fpm_children_make(), line 352: child 99974 (pool default) started
Apr 24 22:25:13.392312 [NOTICE] fpm_event_loop(), line 107: libevent: entering main loop
Apr 24 22:25:18.823735 [NOTICE] fpm_got_signal(), line 56: received SIGTERM
Apr 24 22:25:18.823763 [NOTICE] fpm_pctl(), line 256: switching to 'terminating' state
Apr 24 22:25:18.823780 [NOTICE] fpm_pctl_kill_all(), line 172: sending signal 15 SIGTERM to child 99974 (pool default)
Apr 24 22:25:18.823794 [NOTICE] fpm_pctl_kill_all(), line 172: sending signal 15 SIGTERM to child 99972 (pool default)
Apr 24 22:25:18.823807 [NOTICE] fpm_pctl_kill_all(), line 172: sending signal 15 SIGTERM to child 99971 (pool default)
Apr 24 22:25:18.823820 [NOTICE] fpm_pctl_kill_all(), line 172: sending signal 15 SIGTERM to child 99970 (pool default)
Apr 24 22:25:18.823833 [NOTICE] fpm_pctl_kill_all(), line 172: sending signal 15 SIGTERM to child 99969 (pool default)
Apr 24 22:25:18.823842 [NOTICE] fpm_pctl_kill_all(), line 181: 5 children are still alive
Apr 24 22:25:18.824922 [NOTICE] fpm_got_signal(), line 48: received SIGCHLD
Apr 24 22:25:18.824977 [WARNING] fpm_children_bury(), line 215: child 99974 (pool default) exited on signal 15 SIGTERM after 5.431531 seconds from start
Apr 24 22:25:18.825016 [WARNING] fpm_children_bury(), line 215: child 99972 (pool default) exited on signal 15 SIGTERM after 5.432112 seconds from start
Apr 24 22:25:18.825033 [WARNING] fpm_children_bury(), line 215: child 99971 (pool default) exited on signal 15 SIGTERM after 5.432853 seconds from start
Apr 24 22:25:18.825052 [WARNING] fpm_children_bury(), line 215: child 99970 (pool default) exited on signal 15 SIGTERM after 5.433580 seconds from start
Apr 24 22:25:18.825391 [NOTICE] fpm_got_signal(), line 48: received SIGCHLD
Apr 24 22:25:18.825414 [WARNING] fpm_children_bury(), line 215: child 99969 (pool default) exited on signal 15 SIGTERM after 5.434690 seconds from start
Apr 24 22:25:18.825425 [NOTICE] fpm_pctl_exit(), line 81: exiting, bye-bye!
Apr 24 22:30:56.214663 [NOTICE] fpm_unix_init_main(), line 284: getrlimit(nofile): max:9223372036854775807, cur:256
Apr 24 22:30:56.214970 [NOTICE] fpm_event_init_main(), line 88: libevent: using kqueue
Apr 24 22:30:56.215304 [NOTICE] fpm_init(), line 52: fpm is running, pid 411
Apr 24 22:30:56.215708 [NOTICE] fpm_children_make(), line 352: child 414 (pool default) started
Apr 24 22:30:56.216066 [NOTICE] fpm_children_make(), line 352: child 415 (pool default) started
Apr 24 22:30:56.217449 [NOTICE] fpm_children_make(), line 352: child 416 (pool default) started
Apr 24 22:30:56.219274 [NOTICE] fpm_children_make(), line 352: child 417 (pool default) started
Apr 24 22:30:56.220883 [NOTICE] fpm_children_make(), line 352: child 418 (pool default) started
Apr 24 22:30:56.220983 [NOTICE] fpm_event_loop(), line 107: libevent: entering main loop
Apr 24 22:31:19.083161 [NOTICE] fpm_got_signal(), line 56: received SIGTERM
Apr 24 22:31:19.083190 [NOTICE] fpm_pctl(), line 256: switching to 'terminating' state
Apr 24 22:31:19.083206 [NOTICE] fpm_pctl_kill_all(), line 172: sending signal 15 SIGTERM to child 418 (pool default)
Apr 24 22:31:19.083220 [NOTICE] fpm_pctl_kill_all(), line 172: sending signal 15 SIGTERM to child 417 (pool default)
Apr 24 22:31:19.083233 [NOTICE] fpm_pctl_kill_all(), line 172: sending signal 15 SIGTERM to child 416 (pool default)
Apr 24 22:31:19.083246 [NOTICE] fpm_pctl_kill_all(), line 172: sending signal 15 SIGTERM to child 415 (pool default)
Apr 24 22:31:19.083292 [NOTICE] fpm_pctl_kill_all(), line 172: sending signal 15 SIGTERM to child 414 (pool default)
Apr 24 22:31:19.083301 [NOTICE] fpm_pctl_kill_all(), line 181: 5 children are still alive
Apr 24 22:31:19.083964 [NOTICE] fpm_got_signal(), line 48: received SIGCHLD
Apr 24 22:31:19.084078 [WARNING] fpm_children_bury(), line 215: child 418 (pool default) exited on signal 15 SIGTERM after 22.858074 seconds from start
Apr 24 22:31:19.084143 [WARNING] fpm_children_bury(), line 215: child 417 (pool default) exited on signal 15 SIGTERM after 22.859753 seconds from start
Apr 24 22:31:19.084161 [WARNING] fpm_children_bury(), line 215: child 416 (pool default) exited on signal 15 SIGTERM after 22.861611 seconds from start
Apr 24 22:31:19.084177 [WARNING] fpm_children_bury(), line 215: child 415 (pool default) exited on signal 15 SIGTERM after 22.862990 seconds from start
Apr 24 22:31:19.084196 [WARNING] fpm_children_bury(), line 215: child 414 (pool default) exited on signal 15 SIGTERM after 22.863372 seconds from start
Apr 24 22:31:19.084234 [NOTICE] fpm_pctl_exit(), line 81: exiting, bye-bye!
Apr 24 22:31:56.391180 [NOTICE] fpm_unix_init_main(), line 284: getrlimit(nofile): max:9223372036854775807, cur:256
Apr 24 22:31:56.391339 [ERROR] fpm_sockets_new_listening_socket(), line 221: bind() for address '127.0.0.1:9000' failed: Address already in use (48)
Apr 24 22:38:08.520567 [NOTICE] fpm_unix_init_main(), line 284: getrlimit(nofile): max:9223372036854775807, cur:256
Apr 24 22:38:08.520864 [NOTICE] fpm_event_init_main(), line 88: libevent: using kqueue
Apr 24 22:38:08.521089 [NOTICE] fpm_init(), line 52: fpm is running, pid 718
Apr 24 22:38:08.522014 [NOTICE] fpm_children_make(), line 352: child 721 (pool default) started
Apr 24 22:38:08.523735 [NOTICE] fpm_children_make(), line 352: child 722 (pool default) started
Apr 24 22:38:08.526812 [NOTICE] fpm_children_make(), line 352: child 723 (pool default) started
Apr 24 22:38:08.528187 [NOTICE] fpm_children_make(), line 352: child 724 (pool default) started
Apr 24 22:38:08.529350 [NOTICE] fpm_children_make(), line 352: child 725 (pool default) started
Apr 24 22:38:08.529456 [NOTICE] fpm_event_loop(), line 107: libevent: entering main loop
Apr 24 22:38:16.970142 [NOTICE] fpm_got_signal(), line 56: received SIGTERM
Apr 24 22:38:16.970173 [NOTICE] fpm_pctl(), line 256: switching to 'terminating' state
Apr 24 22:38:16.970191 [NOTICE] fpm_pctl_kill_all(), line 172: sending signal 15 SIGTERM to child 725 (pool default)
Apr 24 22:38:16.970204 [NOTICE] fpm_pctl_kill_all(), line 172: sending signal 15 SIGTERM to child 724 (pool default)
Apr 24 22:38:16.970217 [NOTICE] fpm_pctl_kill_all(), line 172: sending signal 15 SIGTERM to child 723 (pool default)
Apr 24 22:38:16.970230 [NOTICE] fpm_pctl_kill_all(), line 172: sending signal 15 SIGTERM to child 722 (pool default)
Apr 24 22:38:16.970417 [NOTICE] fpm_pctl_kill_all(), line 172: sending signal 15 SIGTERM to child 721 (pool default)
Apr 24 22:38:16.970427 [NOTICE] fpm_pctl_kill_all(), line 181: 5 children are still alive
Apr 24 22:38:16.971383 [NOTICE] fpm_got_signal(), line 48: received SIGCHLD
Apr 24 22:38:16.971469 [WARNING] fpm_children_bury(), line 215: child 725 (pool default) exited on signal 15 SIGTERM after 8.439743 seconds from start
Apr 24 22:38:16.971536 [WARNING] fpm_children_bury(), line 215: child 724 (pool default) exited on signal 15 SIGTERM after 8.440972 seconds from start
Apr 24 22:38:16.971554 [WARNING] fpm_children_bury(), line 215: child 723 (pool default) exited on signal 15 SIGTERM after 8.442381 seconds from start
Apr 24 22:38:16.971570 [WARNING] fpm_children_bury(), line 215: child 722 (pool default) exited on signal 15 SIGTERM after 8.445732 seconds from start
Apr 24 22:38:16.971587 [WARNING] fpm_children_bury(), line 215: child 721 (pool default) exited on signal 15 SIGTERM after 8.447206 seconds from start
Apr 24 22:38:16.971597 [NOTICE] fpm_pctl_exit(), line 81: exiting, bye-bye!
Apr 24 23:05:33.312745 [NOTICE] fpm_unix_init_main(), line 284: getrlimit(nofile): max:9223372036854775807, cur:256
Apr 24 23:05:33.327858 [NOTICE] fpm_event_init_main(), line 88: libevent: using kqueue
Apr 24 23:05:33.328174 [NOTICE] fpm_init(), line 52: fpm is running, pid 78396
Apr 24 23:05:33.328602 [NOTICE] fpm_children_make(), line 352: child 78399 (pool default) started
Apr 24 23:05:33.328951 [NOTICE] fpm_children_make(), line 352: child 78400 (pool default) started
Apr 24 23:05:33.331022 [NOTICE] fpm_children_make(), line 352: child 78401 (pool default) started
Apr 24 23:05:33.331392 [NOTICE] fpm_children_make(), line 352: child 78402 (pool default) started
Apr 24 23:05:33.333517 [NOTICE] fpm_children_make(), line 352: child 78403 (pool default) started
Apr 24 23:05:33.333610 [NOTICE] fpm_event_loop(), line 107: libevent: entering main loop
Apr 24 23:05:41.744728 [NOTICE] fpm_got_signal(), line 56: received SIGTERM
Apr 24 23:05:41.744756 [NOTICE] fpm_pctl(), line 256: switching to 'terminating' state
Apr 24 23:05:41.744773 [NOTICE] fpm_pctl_kill_all(), line 172: sending signal 15 SIGTERM to child 78403 (pool default)
Apr 24 23:05:41.744787 [NOTICE] fpm_pctl_kill_all(), line 172: sending signal 15 SIGTERM to child 78402 (pool default)
Apr 24 23:05:41.744800 [NOTICE] fpm_pctl_kill_all(), line 172: sending signal 15 SIGTERM to child 78401 (pool default)
Apr 24 23:05:41.744992 [NOTICE] fpm_pctl_kill_all(), line 172: sending signal 15 SIGTERM to child 78400 (pool default)
Apr 24 23:05:41.745007 [NOTICE] fpm_pctl_kill_all(), line 172: sending signal 15 SIGTERM to child 78399 (pool default)
Apr 24 23:05:41.745016 [NOTICE] fpm_pctl_kill_all(), line 181: 5 children are still alive
Apr 24 23:05:41.745423 [NOTICE] fpm_got_signal(), line 48: received SIGCHLD
Apr 24 23:05:41.745467 [WARNING] fpm_children_bury(), line 215: child 78403 (pool default) exited on signal 15 SIGTERM after 8.410133 seconds from start
Apr 24 23:05:41.745504 [WARNING] fpm_children_bury(), line 215: child 78402 (pool default) exited on signal 15 SIGTERM after 8.412286 seconds from start
Apr 24 23:05:41.745644 [NOTICE] fpm_got_signal(), line 48: received SIGCHLD
Apr 24 23:05:41.745664 [WARNING] fpm_children_bury(), line 215: child 78401 (pool default) exited on signal 15 SIGTERM after 8.412830 seconds from start
Apr 24 23:05:41.746360 [NOTICE] fpm_got_signal(), line 48: received SIGCHLD
Apr 24 23:05:41.746389 [WARNING] fpm_children_bury(), line 215: child 78400 (pool default) exited on signal 15 SIGTERM after 8.415617 seconds from start
Apr 24 23:05:41.746789 [NOTICE] fpm_got_signal(), line 48: received SIGCHLD
Apr 24 23:05:41.746811 [WARNING] fpm_children_bury(), line 215: child 78399 (pool default) exited on signal 15 SIGTERM after 8.416393 seconds from start
Apr 24 23:05:41.746822 [NOTICE] fpm_pctl_exit(), line 81: exiting, bye-bye!
Apr 24 23:31:29.194106 [NOTICE] fpm_unix_init_main(), line 284: getrlimit(nofile): max:9223372036854775807, cur:256
Apr 24 23:31:29.194308 [ERROR] fpm_sockets_new_listening_socket(), line 221: bind() for address '127.0.0.1:9000' failed: Address already in use (48)
Apr 24 23:46:25.553046 [NOTICE] fpm_unix_init_main(), line 284: getrlimit(nofile): max:9223372036854775807, cur:256
Apr 24 23:46:25.553237 [NOTICE] fpm_event_init_main(), line 88: libevent: using kqueue
Apr 24 23:46:25.553456 [NOTICE] fpm_init(), line 52: fpm is running, pid 82479
Apr 24 23:46:25.556171 [NOTICE] fpm_children_make(), line 352: child 82482 (pool default) started
Apr 24 23:46:25.557700 [NOTICE] fpm_children_make(), line 352: child 82483 (pool default) started
Apr 24 23:46:25.559158 [NOTICE] fpm_children_make(), line 352: child 82484 (pool default) started
Apr 24 23:46:25.560968 [NOTICE] fpm_children_make(), line 352: child 82485 (pool default) started
Apr 24 23:46:25.562229 [NOTICE] fpm_children_make(), line 352: child 82486 (pool default) started
Apr 24 23:46:25.562318 [NOTICE] fpm_event_loop(), line 107: libevent: entering main loop
Apr 24 23:58:08.164938 [NOTICE] fpm_got_signal(), line 56: received SIGTERM
Apr 24 23:58:08.164978 [NOTICE] fpm_pctl(), line 256: switching to 'terminating' state
Apr 24 23:58:08.165018 [NOTICE] fpm_pctl_kill_all(), line 172: sending signal 15 SIGTERM to child 82486 (pool default)
Apr 24 23:58:08.165032 [NOTICE] fpm_pctl_kill_all(), line 172: sending signal 15 SIGTERM to child 82485 (pool default)
Apr 24 23:58:08.165045 [NOTICE] fpm_pctl_kill_all(), line 172: sending signal 15 SIGTERM to child 82484 (pool default)
Apr 24 23:58:08.165058 [NOTICE] fpm_pctl_kill_all(), line 172: sending signal 15 SIGTERM to child 82483 (pool default)
Apr 24 23:58:08.165071 [NOTICE] fpm_pctl_kill_all(), line 172: sending signal 15 SIGTERM to child 82482 (pool default)
Apr 24 23:58:08.165080 [NOTICE] fpm_pctl_kill_all(), line 181: 5 children are still alive
Apr 24 23:58:08.166551 [NOTICE] fpm_got_signal(), line 48: received SIGCHLD
Apr 24 23:58:08.166674 [WARNING] fpm_children_bury(), line 215: child 82486 (pool default) exited on signal 15 SIGTERM after 702.465428 seconds from start
Apr 24 23:58:08.166742 [WARNING] fpm_children_bury(), line 215: child 82485 (pool default) exited on signal 15 SIGTERM after 702.466665 seconds from start
Apr 24 23:58:08.166760 [WARNING] fpm_children_bury(), line 215: child 82484 (pool default) exited on signal 15 SIGTERM after 702.468498 seconds from start
Apr 24 23:58:08.166777 [WARNING] fpm_children_bury(), line 215: child 82483 (pool default) exited on signal 15 SIGTERM after 702.470016 seconds from start
Apr 24 23:58:08.166823 [WARNING] fpm_children_bury(), line 215: child 82482 (pool default) exited on signal 15 SIGTERM after 702.471554 seconds from start
Apr 24 23:58:08.166833 [NOTICE] fpm_pctl_exit(), line 81: exiting, bye-bye!
Apr 25 00:17:03.493617 [NOTICE] fpm_unix_init_main(), line 284: getrlimit(nofile): max:9223372036854775807, cur:256
Apr 25 00:17:03.493847 [NOTICE] fpm_event_init_main(), line 88: libevent: using kqueue
Apr 25 00:17:03.494054 [NOTICE] fpm_init(), line 52: fpm is running, pid 83684
Apr 25 00:17:03.495374 [NOTICE] fpm_children_make(), line 352: child 83685 (pool default) started
Apr 25 00:17:03.496848 [NOTICE] fpm_children_make(), line 352: child 83686 (pool default) started
Apr 25 00:17:03.499546 [NOTICE] fpm_children_make(), line 352: child 83687 (pool default) started
Apr 25 00:17:03.500917 [NOTICE] fpm_children_make(), line 352: child 83688 (pool default) started
Apr 25 00:17:03.502557 [NOTICE] fpm_children_make(), line 352: child 83689 (pool default) started
Apr 25 00:17:03.502673 [NOTICE] fpm_event_loop(), line 107: libevent: entering main loop
Apr 25 00:17:26.885066 [NOTICE] fpm_got_signal(), line 56: received SIGTERM
Apr 25 00:17:26.885098 [NOTICE] fpm_pctl(), line 256: switching to 'terminating' state
Apr 25 00:17:26.885114 [NOTICE] fpm_pctl_kill_all(), line 172: sending signal 15 SIGTERM to child 83689 (pool default)
Apr 25 00:17:26.885128 [NOTICE] fpm_pctl_kill_all(), line 172: sending signal 15 SIGTERM to child 83688 (pool default)
Apr 25 00:17:26.885141 [NOTICE] fpm_pctl_kill_all(), line 172: sending signal 15 SIGTERM to child 83687 (pool default)
Apr 25 00:17:26.885154 [NOTICE] fpm_pctl_kill_all(), line 172: sending signal 15 SIGTERM to child 83686 (pool default)
Apr 25 00:17:26.885166 [NOTICE] fpm_pctl_kill_all(), line 172: sending signal 15 SIGTERM to child 83685 (pool default)
Apr 25 00:17:26.885175 [NOTICE] fpm_pctl_kill_all(), line 181: 5 children are still alive
Apr 25 00:17:26.886386 [NOTICE] fpm_got_signal(), line 48: received SIGCHLD
Apr 25 00:17:26.886421 [WARNING] fpm_children_bury(), line 215: child 83689 (pool default) exited on signal 15 SIGTERM after 23.377496 seconds from start
Apr 25 00:17:26.886504 [WARNING] fpm_children_bury(), line 215: child 83688 (pool default) exited on signal 15 SIGTERM after 23.379215 seconds from start
Apr 25 00:17:26.886521 [WARNING] fpm_children_bury(), line 215: child 83687 (pool default) exited on signal 15 SIGTERM after 23.380624 seconds from start
Apr 25 00:17:26.886537 [WARNING] fpm_children_bury(), line 215: child 83686 (pool default) exited on signal 15 SIGTERM after 23.383332 seconds from start
Apr 25 00:17:26.886556 [WARNING] fpm_children_bury(), line 215: child 83685 (pool default) exited on signal 15 SIGTERM after 23.384820 seconds from start
Apr 25 00:17:26.886603 [NOTICE] fpm_pctl_exit(), line 81: exiting, bye-bye!
Apr 25 00:19:30.627049 [NOTICE] fpm_unix_init_main(), line 284: getrlimit(nofile): max:9223372036854775807, cur:256
Apr 25 00:19:30.627314 [NOTICE] fpm_event_init_main(), line 88: libevent: using kqueue
Apr 25 00:19:30.627548 [NOTICE] fpm_init(), line 52: fpm is running, pid 83879
Apr 25 00:19:30.628873 [NOTICE] fpm_children_make(), line 352: child 83880 (pool default) started
Apr 25 00:19:30.630372 [NOTICE] fpm_children_make(), line 352: child 83881 (pool default) started
Apr 25 00:19:30.633296 [NOTICE] fpm_children_make(), line 352: child 83882 (pool default) started
Apr 25 00:19:30.634688 [NOTICE] fpm_children_make(), line 352: child 83883 (pool default) started
Apr 25 00:19:30.652312 [NOTICE] fpm_children_make(), line 352: child 83884 (pool default) started
Apr 25 00:19:30.652414 [NOTICE] fpm_event_loop(), line 107: libevent: entering main loop
Apr 25 00:20:20.614969 [NOTICE] fpm_got_signal(), line 56: received SIGTERM
Apr 25 00:20:20.615003 [NOTICE] fpm_pctl(), line 256: switching to 'terminating' state
Apr 25 00:20:20.615019 [NOTICE] fpm_pctl_kill_all(), line 172: sending signal 15 SIGTERM to child 83884 (pool default)
Apr 25 00:20:20.615033 [NOTICE] fpm_pctl_kill_all(), line 172: sending signal 15 SIGTERM to child 83883 (pool default)
Apr 25 00:20:20.615046 [NOTICE] fpm_pctl_kill_all(), line 172: sending signal 15 SIGTERM to child 83882 (pool default)
Apr 25 00:20:20.615059 [NOTICE] fpm_pctl_kill_all(), line 172: sending signal 15 SIGTERM to child 83881 (pool default)
Apr 25 00:20:20.615071 [NOTICE] fpm_pctl_kill_all(), line 172: sending signal 15 SIGTERM to child 83880 (pool default)
Apr 25 00:20:20.615080 [NOTICE] fpm_pctl_kill_all(), line 181: 5 children are still alive
Apr 25 00:20:20.615876 [NOTICE] fpm_got_signal(), line 48: received SIGCHLD
Apr 25 00:20:20.615910 [WARNING] fpm_children_bury(), line 215: child 83884 (pool default) exited on signal 15 SIGTERM after 49.950415 seconds from start
Apr 25 00:20:20.615952 [WARNING] fpm_children_bury(), line 215: child 83883 (pool default) exited on signal 15 SIGTERM after 49.968003 seconds from start
Apr 25 00:20:20.615984 [WARNING] fpm_children_bury(), line 215: child 83881 (pool default) exited on signal 15 SIGTERM after 49.972353 seconds from start
Apr 25 00:20:20.616052 [NOTICE] fpm_got_signal(), line 48: received SIGCHLD
Apr 25 00:20:20.616070 [WARNING] fpm_children_bury(), line 215: child 83882 (pool default) exited on signal 15 SIGTERM after 49.969535 seconds from start
Apr 25 00:20:20.618440 [NOTICE] fpm_got_signal(), line 48: received SIGCHLD
Apr 25 00:20:20.618476 [WARNING] fpm_children_bury(), line 215: child 83880 (pool default) exited on signal 15 SIGTERM after 49.976341 seconds from start
Apr 25 00:20:20.618489 [NOTICE] fpm_pctl_exit(), line 81: exiting, bye-bye!
Apr 25 00:20:25.732881 [NOTICE] fpm_unix_init_main(), line 284: getrlimit(nofile): max:9223372036854775807, cur:256
Apr 25 00:20:25.733221 [NOTICE] fpm_event_init_main(), line 88: libevent: using kqueue
Apr 25 00:20:25.733526 [NOTICE] fpm_init(), line 52: fpm is running, pid 84059
Apr 25 00:20:25.736626 [NOTICE] fpm_children_make(), line 352: child 84061 (pool default) started
Apr 25 00:20:25.737241 [NOTICE] fpm_children_make(), line 352: child 84062 (pool default) started
Apr 25 00:20:25.738176 [NOTICE] fpm_children_make(), line 352: child 84064 (pool default) started
Apr 25 00:20:25.739881 [NOTICE] fpm_children_make(), line 352: child 84065 (pool default) started
Apr 25 00:20:25.742988 [NOTICE] fpm_children_make(), line 352: child 84066 (pool default) started
Apr 25 00:20:25.743110 [NOTICE] fpm_event_loop(), line 107: libevent: entering main loop
Apr 25 00:22:32.918966 [NOTICE] fpm_got_signal(), line 56: received SIGTERM
Apr 25 00:22:32.918997 [NOTICE] fpm_pctl(), line 256: switching to 'terminating' state
Apr 25 00:22:32.919014 [NOTICE] fpm_pctl_kill_all(), line 172: sending signal 15 SIGTERM to child 84066 (pool default)
Apr 25 00:22:32.919027 [NOTICE] fpm_pctl_kill_all(), line 172: sending signal 15 SIGTERM to child 84065 (pool default)
Apr 25 00:22:32.919327 [NOTICE] fpm_pctl_kill_all(), line 172: sending signal 15 SIGTERM to child 84064 (pool default)
Apr 25 00:22:32.919376 [NOTICE] fpm_pctl_kill_all(), line 172: sending signal 15 SIGTERM to child 84062 (pool default)
Apr 25 00:22:32.919391 [NOTICE] fpm_pctl_kill_all(), line 172: sending signal 15 SIGTERM to child 84061 (pool default)
Apr 25 00:22:32.919400 [NOTICE] fpm_pctl_kill_all(), line 181: 5 children are still alive
Apr 25 00:22:32.920151 [NOTICE] fpm_got_signal(), line 48: received SIGCHLD
Apr 25 00:22:32.920184 [WARNING] fpm_children_bury(), line 215: child 84066 (pool default) exited on signal 15 SIGTERM after 127.425936 seconds from start
Apr 25 00:22:32.920274 [WARNING] fpm_children_bury(), line 215: child 84065 (pool default) exited on signal 15 SIGTERM after 127.429130 seconds from start
Apr 25 00:22:32.921204 [WARNING] fpm_children_bury(), line 215: child 84064 (pool default) exited on signal 15 SIGTERM after 127.431769 seconds from start
Apr 25 00:22:32.921229 [WARNING] fpm_children_bury(), line 215: child 84062 (pool default) exited on signal 15 SIGTERM after 127.432721 seconds from start
Apr 25 00:22:32.921247 [WARNING] fpm_children_bury(), line 215: child 84061 (pool default) exited on signal 15 SIGTERM after 127.433400 seconds from start
Apr 25 00:22:32.921296 [NOTICE] fpm_pctl_exit(), line 81: exiting, bye-bye!
Apr 25 00:22:39.618177 [NOTICE] fpm_unix_init_main(), line 284: getrlimit(nofile): max:9223372036854775807, cur:256
Apr 25 00:22:39.618417 [NOTICE] fpm_event_init_main(), line 88: libevent: using kqueue
Apr 25 00:22:39.618721 [NOTICE] fpm_init(), line 52: fpm is running, pid 84252
Apr 25 00:22:39.620009 [NOTICE] fpm_children_make(), line 352: child 84253 (pool default) started
Apr 25 00:22:39.620764 [NOTICE] fpm_children_make(), line 352: child 84255 (pool default) started
Apr 25 00:22:39.621509 [NOTICE] fpm_children_make(), line 352: child 84256 (pool default) started
Apr 25 00:22:39.622232 [NOTICE] fpm_children_make(), line 352: child 84257 (pool default) started
Apr 25 00:22:39.622976 [NOTICE] fpm_children_make(), line 352: child 84258 (pool default) started
Apr 25 00:22:39.623057 [NOTICE] fpm_event_loop(), line 107: libevent: entering main loop
